<?xml version="1.0" encoding="UTF-8"?>
<testsuites name="jest tests" tests="1" failures="0" errors="0" time="13.141">
  <testsuite name="Sample test" errors="0" failures="0" skipped="0" timestamp="2020-12-17T08:29:01" time="10.149" tests="1">
    <testcase classname="Sample test it should mount" name="Sample test it should mount" time="0.003">
    </testcase>
  </testsuite>
</testsuites>